2024-03-18 17:04:48,540 - INFO - New session: 1710767088.5402038
2024-03-18 17:04:50,204 - INFO - Last activity: 1710767088.5402038
2024-03-18 17:04:50,204 - INFO - Current time: 1710767090.2042267
2024-03-18 17:04:55,773 - INFO - Last activity: 1710767088.5402038
2024-03-18 17:04:55,773 - INFO - Current time: 1710767095.7735498
2024-03-18 17:05:00,784 - INFO - New session: 1710767100.7840366
2024-03-18 17:05:00,784 - INFO - Last activity: 1710767088.5402038
2024-03-18 17:05:00,785 - INFO - Current time: 1710767100.785013
2024-03-18 17:05:22,495 - INFO - New session: 1710767122.495132
2024-03-18 17:05:24,158 - INFO - Last activity: 1710767122.495132
2024-03-18 17:05:24,158 - INFO - Current time: 1710767124.1587915
2024-03-18 17:05:29,780 - INFO - Last activity: 1710767122.495132
2024-03-18 17:05:29,780 - INFO - Current time: 1710767129.7806966
2024-03-18 17:05:34,782 - INFO - New session: 1710767134.7824876
2024-03-18 17:05:34,783 - INFO - Last activity: 1710767122.495132
2024-03-18 17:05:34,785 - INFO - Current time: 1710767134.7851052
2024-03-18 17:05:56,411 - INFO - New session: 1710767156.4112809
2024-03-18 17:05:58,756 - INFO - Last activity: 1710767156.4112809
2024-03-18 17:05:58,756 - INFO - Current time: 1710767158.7567618
2024-03-18 17:06:03,777 - INFO - Last activity: 1710767156.4112809
2024-03-18 17:06:03,778 - INFO - Current time: 1710767163.7788367
2024-03-18 17:06:08,786 - INFO - New session: 1710767168.7869537
2024-03-18 17:06:08,787 - INFO - Last activity: 1710767156.4112809
2024-03-18 17:06:08,788 - INFO - Current time: 1710767168.7889075
2024-03-18 17:06:22,628 - INFO - New session: 1710767182.6288788
2024-03-18 17:06:24,966 - INFO - Last activity: 1710767182.6288788
2024-03-18 17:06:24,966 - INFO - Current time: 1710767184.9663715
2024-03-18 17:06:30,775 - INFO - Last activity: 1710767182.6288788
2024-03-18 17:06:30,775 - INFO - Current time: 1710767190.7751565
2024-03-18 17:06:35,788 - INFO - New session: 1710767195.7887578
2024-03-18 17:06:35,789 - INFO - Last activity: 1710767182.6288788
2024-03-18 17:06:35,790 - INFO - Current time: 1710767195.7907186
2024-03-18 17:08:50,719 - INFO - New session: 1710767330.719815
2024-03-18 17:08:54,000 - INFO - New session: 1710767334.000512
2024-03-18 17:08:55,656 - INFO - Last activity: 1710767334.000512
2024-03-18 17:08:55,656 - INFO - Current time: 1710767335.6566775
2024-03-18 17:09:00,806 - INFO - Last activity: 1710767334.000512
2024-03-18 17:09:00,806 - INFO - Current time: 1710767340.8067315
2024-03-18 17:09:05,798 - INFO - New session: 1710767345.7985857
2024-03-18 17:09:05,799 - INFO - Last activity: 1710767334.000512
2024-03-18 17:09:05,800 - INFO - Current time: 1710767345.8005388
2024-03-18 17:09:59,721 - INFO - New session: 1710767399.7214787
2024-03-18 17:10:02,814 - INFO - Last activity: 1710767399.7214787
2024-03-18 17:10:02,814 - INFO - Current time: 1710767402.8149965
2024-03-18 17:10:07,783 - INFO - Last activity: 1710767399.7214787
2024-03-18 17:10:07,783 - INFO - Current time: 1710767407.783631
2024-03-18 17:10:12,803 - INFO - New session: 1710767412.803285
2024-03-18 17:10:12,804 - INFO - Last activity: 1710767399.7214787
2024-03-18 17:10:12,804 - INFO - Current time: 1710767412.8042614
2024-03-18 17:11:02,870 - INFO - Last activity: 1710767412.803285
2024-03-18 17:11:02,870 - INFO - Current time: 1710767462.8707373
2024-03-18 17:11:03,011 - INFO - New session: 1710767463.011608
2024-03-18 17:11:08,267 - INFO - New session: 1710767468.267881
2024-03-18 17:11:09,616 - INFO - Last activity: 1710767468.267881
2024-03-18 17:11:09,617 - INFO - Current time: 1710767469.6175401
2024-03-18 17:11:14,614 - INFO - Last activity: 1710767468.267881
2024-03-18 17:11:14,614 - INFO - Current time: 1710767474.6143541
2024-03-18 17:11:19,620 - INFO - New session: 1710767479.6205432
2024-03-18 17:11:19,621 - INFO - Last activity: 1710767468.267881
2024-03-18 17:11:19,622 - INFO - Current time: 1710767479.6224973
2024-03-18 17:11:35,358 - INFO - New session: 1710767495.3583524
2024-03-18 17:11:36,846 - INFO - Last activity: 1710767495.3583524
2024-03-18 17:11:36,846 - INFO - Current time: 1710767496.8460865
2024-03-18 17:11:41,830 - INFO - Last activity: 1710767495.3583524
2024-03-18 17:11:41,830 - INFO - Current time: 1710767501.8301408
2024-03-18 17:11:46,842 - INFO - New session: 1710767506.8424485
2024-03-18 17:11:46,843 - INFO - Last activity: 1710767495.3583524
2024-03-18 17:11:46,844 - INFO - Current time: 1710767506.8444953
2024-03-18 17:14:09,802 - INFO - New session: 1710767649.8029537
2024-03-18 17:14:11,282 - INFO - Last activity: 1710767649.8029537
2024-03-18 17:14:11,282 - INFO - Current time: 1710767651.2827208
2024-03-18 17:14:16,255 - INFO - Last activity: 1710767649.8029537
2024-03-18 17:14:16,256 - INFO - Current time: 1710767656.2566068
2024-03-18 17:14:21,263 - INFO - New session: 1710767661.2634013
2024-03-18 17:14:21,265 - INFO - Last activity: 1710767649.8029537
2024-03-18 17:14:21,265 - INFO - Current time: 1710767661.2653544
2024-03-18 17:16:47,967 - INFO - New session: 1710767807.967379
2024-03-18 17:16:53,734 - INFO - New session: 1710767813.7342849
2024-03-18 17:16:54,719 - INFO - Last activity: 1710767813.7342849
2024-03-18 17:16:54,719 - INFO - Current time: 1710767814.7198968
2024-03-18 17:16:59,718 - INFO - Last activity: 1710767813.7342849
2024-03-18 17:16:59,718 - INFO - Current time: 1710767819.7189622
2024-03-18 17:17:04,726 - INFO - New session: 1710767824.7265937
2024-03-18 17:17:04,730 - INFO - Last activity: 1710767813.7342849
2024-03-18 17:17:04,730 - INFO - Current time: 1710767824.7300463
2024-03-18 17:17:18,692 - INFO - New session: 1710767838.6928086
2024-03-18 17:17:22,684 - INFO - New session: 1710767842.6848354
2024-03-18 17:17:23,791 - INFO - Last activity: 1710767842.6848354
2024-03-18 17:17:23,791 - INFO - Current time: 1710767843.7912178
2024-03-18 17:17:28,789 - INFO - Last activity: 1710767842.6848354
2024-03-18 17:17:28,789 - INFO - Current time: 1710767848.7894254
2024-03-18 17:17:33,797 - INFO - New session: 1710767853.797015
2024-03-18 17:17:33,798 - INFO - Last activity: 1710767842.6848354
2024-03-18 17:17:33,799 - INFO - Current time: 1710767853.799002
2024-03-18 17:21:32,834 - INFO - New session: 1710768092.8342948
2024-03-18 17:21:35,012 - INFO - New session: 1710768095.0128703
2024-03-18 17:21:36,351 - INFO - Last activity: 1710768095.0128703
2024-03-18 17:21:36,351 - INFO - Current time: 1710768096.351346
2024-03-18 17:21:41,347 - INFO - Last activity: 1710768095.0128703
2024-03-18 17:21:41,347 - INFO - Current time: 1710768101.3479037
2024-03-18 17:21:46,358 - INFO - New session: 1710768106.3584044
2024-03-18 17:21:46,359 - INFO - Last activity: 1710768095.0128703
2024-03-18 17:21:46,360 - INFO - Current time: 1710768106.3603563
2024-03-18 17:22:20,914 - INFO - New session: 1710768140.9135725
2024-03-18 17:22:23,060 - INFO - New session: 1710768143.0608754
2024-03-18 17:22:24,968 - INFO - New session: 1710768144.9686263
2024-03-18 17:22:26,428 - INFO - Last activity: 1710768144.9686263
2024-03-18 17:22:26,429 - INFO - Current time: 1710768146.4294965
2024-03-18 17:22:31,387 - INFO - Last activity: 1710768144.9686263
2024-03-18 17:22:31,387 - INFO - Current time: 1710768151.3872342
2024-03-18 17:22:36,390 - INFO - New session: 1710768156.390055
2024-03-18 17:22:36,392 - INFO - Last activity: 1710768144.9686263
2024-03-18 17:22:36,392 - INFO - Current time: 1710768156.3920527
2024-03-18 17:26:03,978 - INFO - New session: 1710768363.9787865
2024-03-18 17:26:06,884 - INFO - Last activity: 1710768363.9787865
2024-03-18 17:26:06,884 - INFO - Current time: 1710768366.8844466
2024-03-18 17:26:11,879 - INFO - Last activity: 1710768363.9787865
2024-03-18 17:26:11,879 - INFO - Current time: 1710768371.8794725
2024-03-18 17:26:16,879 - INFO - Last activity: 1710768363.9787865
2024-03-18 17:26:16,879 - INFO - Current time: 1710768376.8790882
2024-03-18 17:26:21,880 - INFO - Last activity: 1710768363.9787865
2024-03-18 17:26:21,880 - INFO - Current time: 1710768381.8806355
2024-03-18 17:26:26,880 - INFO - Last activity: 1710768363.9787865
2024-03-18 17:26:26,881 - INFO - Current time: 1710768386.8810277
2024-03-18 17:27:02,479 - INFO - New session: 1710768422.4790556
2024-03-18 17:27:05,001 - INFO - New session: 1710768425.001765
2024-03-18 17:27:06,763 - INFO - Last activity: 1710768425.001765
2024-03-18 17:27:06,763 - INFO - Current time: 1710768426.7633455
2024-03-18 17:27:11,740 - INFO - Last activity: 1710768425.001765
2024-03-18 17:27:11,741 - INFO - Current time: 1710768431.7417781
2024-03-18 17:27:16,738 - INFO - Last activity: 1710768425.001765
2024-03-18 17:27:16,738 - INFO - Current time: 1710768436.7386487
2024-03-18 17:27:21,743 - INFO - Last activity: 1710768440.764375
2024-03-18 17:27:21,743 - INFO - Current time: 1710768441.7430484
2024-03-18 17:27:26,740 - INFO - Last activity: 1710768440.764375
2024-03-18 17:27:26,741 - INFO - Current time: 1710768446.7413952
2024-03-18 17:27:31,739 - INFO - Last activity: 1710768440.764375
2024-03-18 17:27:31,740 - INFO - Current time: 1710768451.740874
2024-03-18 17:27:36,764 - INFO - Last activity: 1710768440.764375
2024-03-18 17:27:36,764 - INFO - Current time: 1710768456.764606
2024-03-18 17:27:41,739 - INFO - Last activity: 1710768440.764375
2024-03-18 17:27:41,739 - INFO - Current time: 1710768461.7390728
2024-03-18 17:27:41,784 - INFO - New session: 1710768461.7848895
2024-03-18 17:27:54,618 - INFO - New session: 1710768474.6181183
2024-03-18 17:27:55,740 - INFO - Last activity: 1710768474.6181183
2024-03-18 17:27:55,740 - INFO - Current time: 1710768475.7408752
2024-03-18 17:28:00,737 - INFO - Last activity: 1710768474.6181183
2024-03-18 17:28:00,738 - INFO - Current time: 1710768480.7382772
2024-03-18 17:28:05,739 - INFO - Last activity: 1710768474.6181183
2024-03-18 17:28:05,739 - INFO - Current time: 1710768485.7396524
2024-03-18 17:28:10,737 - INFO - Last activity: 1710768474.6181183
2024-03-18 17:28:10,737 - INFO - Current time: 1710768490.7371025
2024-03-18 17:28:15,737 - INFO - Last activity: 1710768474.6181183
2024-03-18 17:28:15,737 - INFO - Current time: 1710768495.737298
2024-03-18 17:28:15,782 - INFO - New session: 1710768495.7820365
2024-03-18 17:30:01,080 - INFO - Last activity: 1710768495.7820365
2024-03-18 17:30:01,080 - INFO - Current time: 1710768601.080422
2024-03-18 17:30:01,153 - INFO - New session: 1710768601.1532521
2024-03-18 17:30:06,154 - INFO - New session: 1710768606.1546838
2024-03-18 17:30:07,363 - INFO - Last activity: 1710768606.1546838
2024-03-18 17:30:07,363 - INFO - Current time: 1710768607.3637514
2024-03-18 17:30:12,363 - INFO - Last activity: 1710768606.1546838
2024-03-18 17:30:12,363 - INFO - Current time: 1710768612.3637621
2024-03-18 17:30:17,364 - INFO - Last activity: 1710768606.1546838
2024-03-18 17:30:17,364 - INFO - Current time: 1710768617.3644118
2024-03-18 17:30:22,367 - INFO - Last activity: 1710768606.1546838
2024-03-18 17:30:22,367 - INFO - Current time: 1710768622.3671293
2024-03-18 17:30:27,373 - INFO - Last activity: 1710768606.1546838
2024-03-18 17:30:27,373 - INFO - Current time: 1710768627.3731554
2024-03-18 17:30:27,417 - INFO - New session: 1710768627.4174986
2024-03-18 17:30:27,423 - INFO - New session: 1710768627.4238935
2024-03-18 17:39:12,862 - INFO - New session: 1710769152.862262
2024-03-18 17:39:14,165 - INFO - Last activity: 1710769152.862262
2024-03-18 17:39:14,165 - INFO - Current time: 1710769154.165191
2024-03-18 17:39:19,156 - INFO - Last activity: 1710769152.862262
2024-03-18 17:39:19,157 - INFO - Current time: 1710769159.1570296
2024-03-18 17:39:24,154 - INFO - Last activity: 1710769152.862262
2024-03-18 17:39:24,154 - INFO - Current time: 1710769164.1549406
2024-03-18 17:39:29,174 - INFO - Last activity: 1710769152.862262
2024-03-18 17:39:29,174 - INFO - Current time: 1710769169.17447
2024-03-18 17:39:34,155 - INFO - Last activity: 1710769152.862262
2024-03-18 17:39:34,155 - INFO - Current time: 1710769174.1557562
2024-03-18 17:39:34,232 - INFO - New session: 1710769174.2321682
2024-03-18 17:39:34,299 - INFO - New session: 1710769174.2994862
2024-03-18 17:39:39,797 - INFO - Last activity: 1710769174.2321682
2024-03-18 17:39:39,797 - INFO - Current time: 1710769179.7974775
2024-03-18 17:39:44,795 - INFO - Last activity: 1710769174.2321682
2024-03-18 17:39:44,795 - INFO - Current time: 1710769184.795274
2024-03-18 17:39:49,794 - INFO - Last activity: 1710769174.2321682
2024-03-18 17:39:49,794 - INFO - Current time: 1710769189.7947712
2024-03-18 17:39:54,795 - INFO - Last activity: 1710769174.2321682
2024-03-18 17:39:54,795 - INFO - Current time: 1710769194.7952259
2024-03-18 17:39:54,840 - INFO - New session: 1710769194.8409212
2024-03-18 17:39:54,845 - INFO - New session: 1710769194.845807
2024-03-19 20:27:12,243 - INFO - New session: 1710865632.2425666
2024-03-19 20:27:39,784 - INFO - New session: 1710865659.784148
2024-03-19 20:27:41,161 - INFO - Last activity: 1710865659.784148
2024-03-19 20:27:41,162 - INFO - Current time: 1710865661.162292
2024-03-19 20:27:46,240 - INFO - Last activity: 1710865659.784148
2024-03-19 20:27:46,240 - INFO - Current time: 1710865666.2406144
2024-03-19 20:27:51,142 - INFO - Last activity: 1710865659.784148
2024-03-19 20:27:51,142 - INFO - Current time: 1710865671.1421988
2024-03-19 20:27:56,709 - INFO - Last activity: 1710865659.784148
2024-03-19 20:27:56,709 - INFO - Current time: 1710865676.7096505
2024-03-19 20:28:01,710 - INFO - Last activity: 1710865659.784148
2024-03-19 20:28:01,710 - INFO - Current time: 1710865681.7102356
2024-03-19 20:28:01,752 - INFO - New session: 1710865681.752422
2024-03-19 21:59:33,914 - INFO - New session: 1710871173.9147382
2024-03-19 21:59:50,619 - INFO - New session: 1710871190.6197598
2024-03-19 21:59:51,464 - INFO - New session: 1710871191.464032
2024-03-19 22:00:02,335 - INFO - New session: 1710871202.3358088
2024-03-19 22:00:06,864 - INFO - New session: 1710871206.864345
2024-03-19 22:00:13,381 - INFO - New session: 1710871213.38197
2024-03-19 22:00:19,814 - INFO - New session: 1710871219.814069
2024-03-21 00:06:23,422 - INFO - {'status': 'loading'}
2024-03-21 00:06:23,423 - INFO - New session: 1710965183.4236662
2024-03-21 00:06:27,815 - INFO - {'status': 'loading'}
2024-03-21 00:06:27,815 - INFO - New session: 1710965187.8153358
2024-03-21 00:06:29,024 - INFO - {'status': 'loading'}
2024-03-21 00:06:29,024 - INFO - New session: 1710965189.0246258
2024-03-21 00:06:30,050 - INFO - {'status': 'loading'}
2024-03-21 00:06:30,050 - INFO - New session: 1710965190.0506837
2024-03-21 00:07:32,560 - INFO - {'status': 'success'}
2024-03-21 00:07:32,560 - INFO - New session: 1710965252.560811
2024-03-21 00:07:42,197 - INFO - {'status': 'success'}
2024-03-21 00:07:42,198 - INFO - New session: 1710965262.1983542
2024-03-21 00:07:43,542 - INFO - Last activity: 1710965262.1983542
2024-03-21 00:07:43,542 - INFO - Current time: 1710965263.542017
2024-03-21 00:07:48,523 - INFO - Last activity: 1710965262.1983542
2024-03-21 00:07:48,523 - INFO - Current time: 1710965268.5234916
2024-03-21 00:07:53,523 - INFO - Last activity: 1710965262.1983542
2024-03-21 00:07:53,523 - INFO - Current time: 1710965273.5230923
2024-03-21 00:07:58,521 - INFO - Last activity: 1710965278.3083076
2024-03-21 00:07:58,521 - INFO - Current time: 1710965278.5215504
2024-03-21 00:07:58,570 - INFO - {'status': 'success'}
2024-03-21 00:07:58,570 - INFO - New session: 1710965278.5704317
2024-03-21 16:03:24,731 - INFO - {'status': 'success'}
2024-03-21 16:03:36,751 - INFO - {'status': 'success'}
2024-03-21 16:03:37,527 - INFO - {'status': 'success'}
2024-03-21 16:04:05,049 - INFO - {'status': 'success'}
2024-03-21 16:04:06,090 - INFO - {'status': 'success'}
2024-03-21 16:04:06,697 - INFO - {'status': 'success'}
2024-03-21 16:04:11,707 - INFO - {'status': 'success'}
2024-03-21 16:04:12,365 - INFO - {'status': 'success'}
2024-03-21 16:04:43,377 - INFO - {'status': 'success'}
2024-03-21 16:05:24,998 - INFO - {'status': 'success'}
2024-03-21 16:05:26,418 - INFO - {'status': 'success'}
2024-03-21 16:10:38,768 - INFO - New session: 1711023038.7680233
2024-03-21 16:10:49,794 - INFO - New session: 1711023049.7942712
2024-03-21 16:10:51,446 - INFO - Last activity: 1711023049.7942712
2024-03-21 16:10:51,446 - INFO - Current time: 1711023051.446619
2024-03-21 16:10:57,211 - INFO - Last activity: 1711023049.7942712
2024-03-21 16:10:57,211 - INFO - Current time: 1711023057.2115242
2024-03-21 16:11:02,202 - INFO - Last activity: 1711023049.7942712
2024-03-21 16:11:02,202 - INFO - Current time: 1711023062.2025685
2024-03-21 16:11:07,206 - INFO - Last activity: 1711023049.7942712
2024-03-21 16:11:07,206 - INFO - Current time: 1711023067.2068264
2024-03-21 16:11:12,214 - INFO - Last activity: 1711023049.7942712
2024-03-21 16:11:12,214 - INFO - Current time: 1711023072.2147977
2024-03-21 16:11:12,259 - INFO - {'status': 'success'}
2024-03-21 16:13:46,452 - INFO - {'status': 'success'}
2024-03-21 16:14:09,633 - INFO - New session: 1711023249.633168
2024-03-21 16:15:16,880 - INFO - New session: 1711023316.8802848
2024-03-21 16:16:04,636 - INFO - New session: 1711023364.6367035
2024-03-21 16:16:14,611 - INFO - New session: 1711023374.611464
2024-03-21 16:16:15,677 - INFO - Last activity: 1711023374.611464
2024-03-21 16:16:15,677 - INFO - Current time: 1711023375.677565
2024-03-21 16:16:20,691 - INFO - Last activity: 1711023374.611464
2024-03-21 16:16:20,691 - INFO - Current time: 1711023380.6914546
2024-03-21 16:16:25,694 - INFO - Last activity: 1711023374.611464
2024-03-21 16:16:25,694 - INFO - Current time: 1711023385.6943133
2024-03-21 16:16:30,685 - INFO - Last activity: 1711023388.4823625
2024-03-21 16:16:30,685 - INFO - Current time: 1711023390.6851554
2024-03-21 16:16:35,682 - INFO - Last activity: 1711023388.4823625
2024-03-21 16:16:35,683 - INFO - Current time: 1711023395.6835902
2024-03-21 16:16:35,743 - INFO - New session: 1711023395.743189
2024-03-21 17:29:58,109 - INFO - New session: 1711027798.109946
2024-03-21 17:30:00,491 - INFO - New session: 1711027800.4915006
2024-03-21 17:30:07,007 - INFO - Last activity: 1711027800.4915006
2024-03-21 17:30:07,007 - INFO - Current time: 1711027807.0070508
2024-03-21 17:30:12,008 - INFO - Last activity: 1711027800.4915006
2024-03-21 17:30:12,008 - INFO - Current time: 1711027812.0080912
2024-03-21 17:30:16,998 - INFO - Last activity: 1711027800.4915006
2024-03-21 17:30:16,998 - INFO - Current time: 1711027816.998177
2024-03-21 17:30:22,005 - INFO - Last activity: 1711027800.4915006
2024-03-21 17:30:22,005 - INFO - Current time: 1711027822.0054185
2024-03-21 17:30:27,002 - INFO - Last activity: 1711027800.4915006
2024-03-21 17:30:27,002 - INFO - Current time: 1711027827.0025609
2024-03-21 17:30:32,213 - INFO - Last activity: 1711027800.4915006
2024-03-21 17:30:32,213 - INFO - Current time: 1711027832.2137225
2024-03-21 17:30:37,206 - INFO - Last activity: 1711027800.4915006
2024-03-21 17:30:37,207 - INFO - Current time: 1711027837.2071056
2024-03-21 17:30:42,121 - INFO - Last activity: 1711027800.4915006
2024-03-21 17:30:42,121 - INFO - Current time: 1711027842.1214345
2024-03-21 17:30:42,275 - INFO - New session: 1711027842.2753243
2024-03-21 17:30:43,582 - INFO - New session: 1711027843.5822492
2024-03-21 17:30:46,291 - INFO - New session: 1711027846.2914975
2024-03-21 17:30:52,581 - INFO - Last activity: 1711027846.2914975
2024-03-21 17:30:52,581 - INFO - Current time: 1711027852.5813992
2024-03-21 17:30:57,575 - INFO - Last activity: 1711027846.2914975
2024-03-21 17:30:57,575 - INFO - Current time: 1711027857.5751326
2024-03-21 17:31:02,587 - INFO - Last activity: 1711027846.2914975
2024-03-21 17:31:02,587 - INFO - Current time: 1711027862.5870197
2024-03-21 17:31:07,586 - INFO - Last activity: 1711027846.2914975
2024-03-21 17:31:07,586 - INFO - Current time: 1711027867.5867958
2024-03-21 17:31:07,641 - INFO - New session: 1711027867.641313
2024-03-21 17:31:07,740 - INFO - New session: 1711027867.74083
